<?xml version="1.0" encoding="UTF-8"?>
<coverage generated="1624149885430" clover="3.2.0">
  <project timestamp="1624149885430" name="All files">
    <metrics statements="24" coveredstatements="24" conditionals="0" coveredconditionals="0" methods="15" coveredmethods="15" elements="39" coveredelements="39" complexity="0" loc="24" ncloc="24" packages="1" files="7" classes="7"/>
    <file name="arrays.js" path="/Users/ifraindavidmedinagarcia/Desktop/Ifrain/Estudios/Jest/arrays.js">
      <metrics statements="4" coveredstatements="4" conditionals="0" coveredconditionals="0" methods="2" coveredmethods="2"/>
      <line num="1" count="1" type="stmt"/>
      <line num="2" count="1" type="stmt"/>
      <line num="4" count="3" type="stmt"/>
      <line num="5" count="1" type="stmt"/>
    </file>
    <file name="callbacks.js" path="/Users/ifraindavidmedinagarcia/Desktop/Ifrain/Estudios/Jest/callbacks.js">
      <metrics statements="2" coveredstatements="2" conditionals="0" coveredconditionals="0" methods="1" coveredmethods="1"/>
      <line num="1" count="1" type="stmt"/>
      <line num="2" count="1" type="stmt"/>
    </file>
    <file name="maths.js" path="/Users/ifraindavidmedinagarcia/Desktop/Ifrain/Estudios/Jest/maths.js">
      <metrics statements="8" coveredstatements="8" conditionals="0" coveredconditionals="0" methods="4" coveredmethods="4"/>
      <line num="1" count="1" type="stmt"/>
      <line num="2" count="1" type="stmt"/>
      <line num="5" count="1" type="stmt"/>
      <line num="6" count="1" type="stmt"/>
      <line num="9" count="1" type="stmt"/>
      <line num="10" count="1" type="stmt"/>
      <line num="14" count="1" type="stmt"/>
      <line num="15" count="1" type="stmt"/>
    </file>
    <file name="numbers.js" path="/Users/ifraindavidmedinagarcia/Desktop/Ifrain/Estudios/Jest/numbers.js">
      <metrics statements="2" coveredstatements="2" conditionals="0" coveredconditionals="0" methods="1" coveredmethods="1"/>
      <line num="1" count="1" type="stmt"/>
      <line num="2" count="5" type="stmt"/>
    </file>
    <file name="promise.js" path="/Users/ifraindavidmedinagarcia/Desktop/Ifrain/Estudios/Jest/promise.js">
      <metrics statements="3" coveredstatements="3" conditionals="0" coveredconditionals="0" methods="2" coveredmethods="2"/>
      <line num="3" count="3" type="stmt"/>
      <line num="4" count="4" type="stmt"/>
      <line num="6" count="3" type="stmt"/>
    </file>
    <file name="snapshot.js" path="/Users/ifraindavidmedinagarcia/Desktop/Ifrain/Estudios/Jest/snapshot.js">
      <metrics statements="1" coveredstatements="1" conditionals="0" coveredconditionals="0" methods="1" coveredmethods="1"/>
      <line num="1" count="1" type="stmt"/>
    </file>
    <file name="true.js" path="/Users/ifraindavidmedinagarcia/Desktop/Ifrain/Estudios/Jest/true.js">
      <metrics statements="4" coveredstatements="4" conditionals="0" coveredconditionals="0" methods="4" coveredmethods="4"/>
      <line num="1" count="1" type="stmt"/>
      <line num="2" count="1" type="stmt"/>
      <line num="3" count="1" type="stmt"/>
      <line num="4" count="1" type="stmt"/>
    </file>
  </project>
</coverage>
