{"/Users/ifraindavidmedinagarcia/Desktop/Ifrain/Estudios/Jest/arrays.js": {"path":"/Users/ifraindavidmedinagarcia/Desktop/Ifrain/Estudios/Jest/arrays.js","statementMap":{"0":{"start":{"line":1,"column":15},"end":{"line":1,"column":51}},"1":{"start":{"line":2,"column":15},"end":{"line":2,"column":40}},"2":{"start":{"line":4,"column":27},"end":{"line":4,"column":39}},"3":{"start":{"line":4,"column":33},"end":{"line":4,"column":39}},"4":{"start":{"line":5,"column":27},"end":{"line":5,"column":39}},"5":{"start":{"line":5,"column":33},"end":{"line":5,"column":39}}},"fnMap":{"0":{"name":"(anonymous_0)","decl":{"start":{"line":4,"column":27},"end":{"line":4,"column":28}},"loc":{"start":{"line":4,"column":33},"end":{"line":4,"column":39}},"line":4},"1":{"name":"(anonymous_1)","decl":{"start":{"line":5,"column":27},"end":{"line":5,"column":28}},"loc":{"start":{"line":5,"column":33},"end":{"line":5,"column":39}},"line":5}},"branchMap":{},"s":{"0":1,"1":1,"2":1,"3":3,"4":1,"5":1},"f":{"0":3,"1":1},"b":{},"_coverageSchema":"1a1c01bbd47fc00a2c39e90264f33305004495a9","hash":"145fff4314ff438ef2ea1b1132309729e9dcca6f"}
,"/Users/ifraindavidmedinagarcia/Desktop/Ifrain/Estudios/Jest/callbacks.js": {"path":"/Users/ifraindavidmedinagarcia/Desktop/Ifrain/Estudios/Jest/callbacks.js","statementMap":{"0":{"start":{"line":1,"column":28},"end":{"line":3,"column":1}},"1":{"start":{"line":2,"column":4},"end":{"line":2,"column":23}}},"fnMap":{"0":{"name":"(anonymous_0)","decl":{"start":{"line":1,"column":28},"end":{"line":1,"column":29}},"loc":{"start":{"line":1,"column":36},"end":{"line":3,"column":1}},"line":1}},"branchMap":{},"s":{"0":1,"1":1},"f":{"0":1},"b":{},"_coverageSchema":"1a1c01bbd47fc00a2c39e90264f33305004495a9","hash":"2cf2b748676f0ff3959de4949300f0c912957639"}
,"/Users/ifraindavidmedinagarcia/Desktop/Ifrain/Estudios/Jest/maths.js": {"path":"/Users/ifraindavidmedinagarcia/Desktop/Ifrain/Estudios/Jest/maths.js","statementMap":{"0":{"start":{"line":1,"column":19},"end":{"line":3,"column":1}},"1":{"start":{"line":2,"column":4},"end":{"line":2,"column":16}},"2":{"start":{"line":5,"column":24},"end":{"line":7,"column":1}},"3":{"start":{"line":6,"column":4},"end":{"line":6,"column":16}},"4":{"start":{"line":9,"column":22},"end":{"line":11,"column":1}},"5":{"start":{"line":10,"column":4},"end":{"line":10,"column":16}},"6":{"start":{"line":14,"column":27},"end":{"line":16,"column":1}},"7":{"start":{"line":15,"column":4},"end":{"line":15,"column":16}}},"fnMap":{"0":{"name":"(anonymous_0)","decl":{"start":{"line":1,"column":19},"end":{"line":1,"column":20}},"loc":{"start":{"line":1,"column":29},"end":{"line":3,"column":1}},"line":1},"1":{"name":"(anonymous_1)","decl":{"start":{"line":5,"column":24},"end":{"line":5,"column":25}},"loc":{"start":{"line":5,"column":34},"end":{"line":7,"column":1}},"line":5},"2":{"name":"(anonymous_2)","decl":{"start":{"line":9,"column":22},"end":{"line":9,"column":23}},"loc":{"start":{"line":9,"column":32},"end":{"line":11,"column":1}},"line":9},"3":{"name":"(anonymous_3)","decl":{"start":{"line":14,"column":27},"end":{"line":14,"column":28}},"loc":{"start":{"line":14,"column":37},"end":{"line":16,"column":1}},"line":14}},"branchMap":{},"s":{"0":1,"1":1,"2":1,"3":1,"4":1,"5":1,"6":1,"7":1},"f":{"0":1,"1":1,"2":1,"3":1},"b":{},"_coverageSchema":"1a1c01bbd47fc00a2c39e90264f33305004495a9","hash":"8d24bff741a20799a92866349d20eabfe8019c3f"}
,"/Users/ifraindavidmedinagarcia/Desktop/Ifrain/Estudios/Jest/numbers.js": {"path":"/Users/ifraindavidmedinagarcia/Desktop/Ifrain/Estudios/Jest/numbers.js","statementMap":{"0":{"start":{"line":1,"column":23},"end":{"line":3,"column":1}},"1":{"start":{"line":2,"column":4},"end":{"line":2,"column":16}}},"fnMap":{"0":{"name":"(anonymous_0)","decl":{"start":{"line":1,"column":23},"end":{"line":1,"column":24}},"loc":{"start":{"line":1,"column":33},"end":{"line":3,"column":1}},"line":1}},"branchMap":{},"s":{"0":1,"1":5},"f":{"0":5},"b":{},"_coverageSchema":"1a1c01bbd47fc00a2c39e90264f33305004495a9","hash":"4fcdca75ab9bc8c3e2a39ed8df82190c803438fd"}
,"/Users/ifraindavidmedinagarcia/Desktop/Ifrain/Estudios/Jest/promise.js": {"path":"/Users/ifraindavidmedinagarcia/Desktop/Ifrain/Estudios/Jest/promise.js","statementMap":{"0":{"start":{"line":3,"column":30},"end":{"line":8,"column":1}},"1":{"start":{"line":4,"column":4},"end":{"line":7,"column":11}},"2":{"start":{"line":6,"column":12},"end":{"line":6,"column":24}}},"fnMap":{"0":{"name":"(anonymous_0)","decl":{"start":{"line":3,"column":30},"end":{"line":3,"column":31}},"loc":{"start":{"line":3,"column":39},"end":{"line":8,"column":1}},"line":3},"1":{"name":"(anonymous_1)","decl":{"start":{"line":5,"column":14},"end":{"line":5,"column":15}},"loc":{"start":{"line":5,"column":28},"end":{"line":7,"column":9}},"line":5}},"branchMap":{},"s":{"0":3,"1":4,"2":3},"f":{"0":4,"1":3},"b":{},"_coverageSchema":"1a1c01bbd47fc00a2c39e90264f33305004495a9","hash":"2602581d034136b9bf82dc5683276207f98407be"}
,"/Users/ifraindavidmedinagarcia/Desktop/Ifrain/Estudios/Jest/snapshot.js": {"path":"/Users/ifraindavidmedinagarcia/Desktop/Ifrain/Estudios/Jest/snapshot.js","statementMap":{"0":{"start":{"line":1,"column":28},"end":{"line":7,"column":2}},"1":{"start":{"line":1,"column":39},"end":{"line":7,"column":1}}},"fnMap":{"0":{"name":"(anonymous_0)","decl":{"start":{"line":1,"column":28},"end":{"line":1,"column":29}},"loc":{"start":{"line":1,"column":39},"end":{"line":7,"column":1}},"line":1}},"branchMap":{},"s":{"0":1,"1":1},"f":{"0":1},"b":{},"_coverageSchema":"1a1c01bbd47fc00a2c39e90264f33305004495a9","hash":"dd399e6084bab0d0a18e60dc21554aa6d6ced38f"}
,"/Users/ifraindavidmedinagarcia/Desktop/Ifrain/Estudios/Jest/true.js": {"path":"/Users/ifraindavidmedinagarcia/Desktop/Ifrain/Estudios/Jest/true.js","statementMap":{"0":{"start":{"line":1,"column":22},"end":{"line":1,"column":32}},"1":{"start":{"line":1,"column":28},"end":{"line":1,"column":32}},"2":{"start":{"line":2,"column":22},"end":{"line":2,"column":32}},"3":{"start":{"line":2,"column":28},"end":{"line":2,"column":32}},"4":{"start":{"line":3,"column":27},"end":{"line":3,"column":42}},"5":{"start":{"line":3,"column":33},"end":{"line":3,"column":42}},"6":{"start":{"line":4,"column":23},"end":{"line":4,"column":34}},"7":{"start":{"line":4,"column":29},"end":{"line":4,"column":34}}},"fnMap":{"0":{"name":"(anonymous_0)","decl":{"start":{"line":1,"column":22},"end":{"line":1,"column":23}},"loc":{"start":{"line":1,"column":28},"end":{"line":1,"column":32}},"line":1},"1":{"name":"(anonymous_1)","decl":{"start":{"line":2,"column":22},"end":{"line":2,"column":23}},"loc":{"start":{"line":2,"column":28},"end":{"line":2,"column":32}},"line":2},"2":{"name":"(anonymous_2)","decl":{"start":{"line":3,"column":27},"end":{"line":3,"column":28}},"loc":{"start":{"line":3,"column":33},"end":{"line":3,"column":42}},"line":3},"3":{"name":"(anonymous_3)","decl":{"start":{"line":4,"column":23},"end":{"line":4,"column":24}},"loc":{"start":{"line":4,"column":29},"end":{"line":4,"column":34}},"line":4}},"branchMap":{},"s":{"0":1,"1":1,"2":1,"3":1,"4":1,"5":1,"6":1,"7":1},"f":{"0":1,"1":1,"2":1,"3":1},"b":{},"_coverageSchema":"1a1c01bbd47fc00a2c39e90264f33305004495a9","hash":"582f884cd2f12919e9152d4d28272eef304f51b9"}
}
